Initialize engine version: 2019.4.24f1 (5da6f0345e82)
[Subsystems] Discovering subsystems at path C:/Program Files/WindowsApps/MonomiPark.SlimeRancher_2.0.5.0_x64__9ahw7gx0g86p2/Slime Rancher_Data/UnitySubsystems
GfxDevice: creating device client; threaded=1
Direct3D:
    Version:  Direct3D 11.0 [level 11.1]
    Renderer: Intel(R) UHD Graphics 605 (ID=0x3184)
    Vendor:   
    VRAM:     4006 MB
    Driver:   27.20.100.9126
D3D11 device created for Microsoft Media Foundation video decoding.
<RI> Initializing input.
XInput1_3.dll not found. Trying XInput9_1_0.dll instead...
<RI> Input initialized.
<RI> Initialized touch support.
UnloadTime: 2.147100 ms
[INFO] GameCoreXboxContext: Awake
[INFO] GameCoreXboxContext: Initializing
[INFO] GameCoreXboxContext: Awake Finished
Setting up 2 worker threads for Enlighten.
  Thread -> id: 21a4 -> priority: 1 
  Thread -> id: 73c8 -> priority: 1 
[INFO] Transitioning to GameCore start scene.
Unloading 6 Unused Serialized files (Serialized files now loaded: 0)
UnloadTime: 1.603000 ms
[INFO] GameCoreXboxContext: Awake
[INFO] GameCoreXboxContext: Awake Finished

Unloading 7 unused Assets to reduce memory usage. Loaded Objects now: 3289.
Total: 3.958100 ms (FindLiveObjects: 0.590800 ms CreateObjectMapping: 0.109400 ms MarkObjects: 3.201400 ms  DeleteObjects: 0.056100 ms)

[INFO] GameCoreXboxStartScreen: Success!
Unloading 6 Unused Serialized files (Serialized files now loaded: 0)
UnloadTime: 2.371100 ms
Joystick Names: 
UnityEngine.Logger:Log(LogType, Object)
UnityEngine.Debug:Log(Object)
GameContext:Awake()
 
(Filename: C:\buildslave\unity\build\Runtime/Export/Debug/Debug.bindings.h Line: 39)

[INFO] GameCoreXboxContext: Awake
[INFO] GameCoreXboxContext: Awake Finished
[INFO] [Culture=en]
[INFO] GameCoreXboxStorageProvider: Getting profile
[INFO] GameCoreXboxStorageProvider: Getting settings
[INFO] [Culture=en]

Unloading 16 unused Assets to reduce memory usage. Loaded Objects now: 96356.
Total: 225.226300 ms (FindLiveObjects: 21.786900 ms CreateObjectMapping: 16.918800 ms MarkObjects: 184.665200 ms  DeleteObjects: 1.854700 ms)

d3d11: failed to create buffer (target 0x2 mode 0 size 0) [0x80070057]
d3d11: failed to create buffer (target 0x2 mode 0 size 0) [0x80070057]
d3d11: failed to create buffer (target 0x2 mode 0 size 0) [0x80070057]
d3d11: failed to create buffer (target 0x2 mode 0 size 0) [0x80070057]
d3d11: failed to create buffer (target 0x2 mode 0 size 0) [0x80070057]
d3d11: failed to create buffer (target 0x2 mode 0 size 0) [0x80070057]
d3d11: failed to create buffer (target 0x2 mode 0 size 0) [0x80070057]
d3d11: failed to create buffer (target 0x2 mode 0 size 0) [0x80070057]
d3d11: failed to create buffer (target 0x2 mode 0 size 0) [0x80070057]
d3d11: failed to create buffer (target 0x2 mode 0 size 0) [0x80070057]
d3d11: failed to create buffer (target 0x2 mode 0 size 0) [0x80070057]
d3d11: failed to create buffer (target 0x2 mode 0 size 0) [0x80070057]
d3d11: failed to create buffer (target 0x2 mode 0 size 0) [0x80070057]
d3d11: failed to create buffer (target 0x2 mode 0 size 0) [0x80070057]
d3d11: failed to create buffer (target 0x2 mode 0 size 0) [0x80070057]
d3d11: failed to create buffer (target 0x2 mode 0 size 0) [0x80070057]
d3d11: failed to create buffer (target 0x2 mode 0 size 0) [0x80070057]
d3d11: failed to create buffer (target 0x2 mode 0 size 0) [0x80070057]
d3d11: failed to create buffer (target 0x2 mode 0 size 0) [0x80070057]
d3d11: failed to create buffer (target 0x2 mode 0 size 0) [0x80070057]
d3d11: failed to create buffer (target 0x2 mode 0 size 0) [0x80070057]
d3d11: failed to create buffer (target 0x2 mode 0 size 0) [0x80070057]
d3d11: failed to create buffer (target 0x2 mode 0 size 0) [0x80070057]
d3d11: failed to create buffer (target 0x2 mode 0 size 0) [0x80070057]
d3d11: failed to create buffer (target 0x2 mode 0 size 0) [0x80070057]
d3d11: failed to create buffer (target 0x2 mode 0 size 0) [0x80070057]
d3d11: failed to create buffer (target 0x2 mode 0 size 0) [0x80070057]
d3d11: failed to create buffer (target 0x2 mode 0 size 0) [0x80070057]
d3d11: failed to create buffer (target 0x2 mode 0 size 0) [0x80070057]
d3d11: failed to create buffer (target 0x2 mode 0 size 0) [0x80070057]
d3d11: failed to create buffer (target 0x2 mode 0 size 0) [0x80070057]
d3d11: failed to create buffer (target 0x2 mode 0 size 0) [0x80070057]
d3d11: failed to create buffer (target 0x2 mode 0 size 0) [0x80070057]
d3d11: failed to create buffer (target 0x2 mode 0 size 0) [0x80070057]
d3d11: failed to create buffer (target 0x2 mode 0 size 0) [0x80070057]
d3d11: failed to create buffer (target 0x2 mode 0 size 0) [0x80070057]
d3d11: failed to create buffer (target 0x2 mode 0 size 0) [0x80070057]
d3d11: failed to create buffer (target 0x2 mode 0 size 0) [0x80070057]
d3d11: failed to create buffer (target 0x2 mode 0 size 0) [0x80070057]
d3d11: failed to create buffer (target 0x2 mode 0 size 0) [0x80070057]
d3d11: failed to create buffer (target 0x2 mode 0 size 0) [0x80070057]
d3d11: failed to create buffer (target 0x2 mode 0 size 0) [0x80070057]
d3d11: failed to create buffer (target 0x2 mode 0 size 0) [0x80070057]
d3d11: failed to create buffer (target 0x2 mode 0 size 0) [0x80070057]
d3d11: failed to create buffer (target 0x2 mode 0 size 0) [0x80070057]
d3d11: failed to create buffer (target 0x2 mode 0 size 0) [0x80070057]
d3d11: failed to create buffer (target 0x2 mode 0 size 0) [0x80070057]
d3d11: failed to create buffer (target 0x2 mode 0 size 0) [0x80070057]
d3d11: failed to create buffer (target 0x2 mode 0 size 0) [0x80070057]
d3d11: failed to create buffer (target 0x2 mode 0 size 0) [0x80070057]
d3d11: failed to create buffer (target 0x2 mode 0 size 0) [0x80070057]
d3d11: failed to create buffer (target 0x2 mode 0 size 0) [0x80070057]
d3d11: failed to create buffer (target 0x2 mode 0 size 0) [0x80070057]
d3d11: failed to create buffer (target 0x2 mode 0 size 0) [0x80070057]
d3d11: failed to create buffer (target 0x2 mode 0 size 0) [0x80070057]
d3d11: failed to create buffer (target 0x2 mode 0 size 0) [0x80070057]
d3d11: failed to create buffer (target 0x2 mode 0 size 0) [0x80070057]
d3d11: failed to create buffer (target 0x2 mode 0 size 0) [0x80070057]
d3d11: failed to create buffer (target 0x2 mode 0 size 0) [0x80070057]
d3d11: failed to create buffer (target 0x2 mode 0 size 0) [0x80070057]
d3d11: failed to create buffer (target 0x2 mode 0 size 0) [0x80070057]
d3d11: failed to create buffer (target 0x2 mode 0 size 0) [0x80070057]
d3d11: failed to create buffer (target 0x2 mode 0 size 0) [0x80070057]
d3d11: failed to create buffer (target 0x2 mode 0 size 0) [0x80070057]
d3d11: failed to create buffer (target 0x2 mode 0 size 0) [0x80070057]
d3d11: failed to create buffer (target 0x2 mode 0 size 0) [0x80070057]
d3d11: failed to create buffer (target 0x2 mode 0 size 0) [0x80070057]
d3d11: failed to create buffer (target 0x2 mode 0 size 0) [0x80070057]
d3d11: failed to create buffer (target 0x2 mode 0 size 0) [0x80070057]
d3d11: failed to create buffer (target 0x2 mode 0 size 0) [0x80070057]
d3d11: failed to create buffer (target 0x2 mode 0 size 0) [0x80070057]
d3d11: failed to create buffer (target 0x2 mode 0 size 0) [0x80070057]
d3d11: failed to create buffer (target 0x2 mode 0 size 0) [0x80070057]
d3d11: failed to create buffer (target 0x2 mode 0 size 0) [0x80070057]
d3d11: failed to create buffer (target 0x2 mode 0 size 0) [0x80070057]
d3d11: failed to create buffer (target 0x2 mode 0 size 0) [0x80070057]
d3d11: failed to create buffer (target 0x2 mode 0 size 0) [0x80070057]
d3d11: failed to create buffer (target 0x2 mode 0 size 0) [0x80070057]
d3d11: failed to create buffer (target 0x2 mode 0 size 0) [0x80070057]
d3d11: failed to create buffer (target 0x2 mode 0 size 0) [0x80070057]
d3d11: failed to create buffer (target 0x2 mode 0 size 0) [0x80070057]
d3d11: failed to create buffer (target 0x2 mode 0 size 0) [0x80070057]
d3d11: failed to create buffer (target 0x2 mode 0 size 0) [0x80070057]
d3d11: failed to create buffer (target 0x2 mode 0 size 0) [0x80070057]
d3d11: failed to create buffer (target 0x2 mode 0 size 0) [0x80070057]
d3d11: failed to create buffer (target 0x2 mode 0 size 0) [0x80070057]
d3d11: failed to create buffer (target 0x2 mode 0 size 0) [0x80070057]
d3d11: failed to create buffer (target 0x2 mode 0 size 0) [0x80070057]
d3d11: failed to create buffer (target 0x2 mode 0 size 0) [0x80070057]
d3d11: failed to create buffer (target 0x2 mode 0 size 0) [0x80070057]
d3d11: failed to create buffer (target 0x2 mode 0 size 0) [0x80070057]
d3d11: failed to create buffer (target 0x2 mode 0 size 0) [0x80070057]
d3d11: failed to create buffer (target 0x2 mode 0 size 0) [0x80070057]
d3d11: failed to create buffer (target 0x2 mode 0 size 0) [0x80070057]
d3d11: failed to create buffer (target 0x2 mode 0 size 0) [0x80070057]
d3d11: failed to create buffer (target 0x2 mode 0 size 0) [0x80070057]
d3d11: failed to create buffer (target 0x2 mode 0 size 0) [0x80070057]
d3d11: failed to create buffer (target 0x2 mode 0 size 0) [0x80070057]
d3d11: failed to create buffer (target 0x2 mode 0 size 0) [0x80070057]
d3d11: failed to create buffer (target 0x2 mode 0 size 0) [0x80070057]
d3d11: failed to create buffer (target 0x2 mode 0 size 0) [0x80070057]
d3d11: failed to create buffer (target 0x2 mode 0 size 0) [0x80070057]
d3d11: failed to create buffer (target 0x2 mode 0 size 0) [0x80070057]
d3d11: failed to create buffer (target 0x2 mode 0 size 0) [0x80070057]
d3d11: failed to create buffer (target 0x2 mode 0 size 0) [0x80070057]
d3d11: failed to create buffer (target 0x2 mode 0 size 0) [0x80070057]
d3d11: failed to create buffer (target 0x2 mode 0 size 0) [0x80070057]
d3d11: failed to create buffer (target 0x2 mode 0 size 0) [0x80070057]
d3d11: failed to create buffer (target 0x2 mode 0 size 0) [0x80070057]
d3d11: failed to create buffer (target 0x2 mode 0 size 0) [0x80070057]
d3d11: failed to create buffer (target 0x2 mode 0 size 0) [0x80070057]
d3d11: failed to create buffer (target 0x2 mode 0 size 0) [0x80070057]
d3d11: failed to create buffer (target 0x2 mode 0 size 0) [0x80070057]
d3d11: failed to create buffer (target 0x2 mode 0 size 0) [0x80070057]
d3d11: failed to create buffer (target 0x2 mode 0 size 0) [0x80070057]
d3d11: failed to create buffer (target 0x2 mode 0 size 0) [0x80070057]
d3d11: failed to create buffer (target 0x2 mode 0 size 0) [0x80070057]
d3d11: failed to create buffer (target 0x2 mode 0 size 0) [0x80070057]
d3d11: failed to create buffer (target 0x2 mode 0 size 0) [0x80070057]
d3d11: failed to create buffer (target 0x2 mode 0 size 0) [0x80070057]
d3d11: failed to create buffer (target 0x2 mode 0 size 0) [0x80070057]
d3d11: failed to create buffer (target 0x2 mode 0 size 0) [0x80070057]
d3d11: failed to create buffer (target 0x2 mode 0 size 0) [0x80070057]
d3d11: failed to create buffer (target 0x2 mode 0 size 0) [0x80070057]
d3d11: failed to create buffer (target 0x2 mode 0 size 0) [0x80070057]
d3d11: failed to create buffer (target 0x2 mode 0 size 0) [0x80070057]
d3d11: failed to create buffer (target 0x2 mode 0 size 0) [0x80070057]
d3d11: failed to create buffer (target 0x2 mode 0 size 0) [0x80070057]
d3d11: failed to create buffer (target 0x2 mode 0 size 0) [0x80070057]
d3d11: failed to create buffer (target 0x2 mode 0 size 0) [0x80070057]
d3d11: failed to create buffer (target 0x2 mode 0 size 0) [0x80070057]
d3d11: failed to create buffer (target 0x2 mode 0 size 0) [0x80070057]
d3d11: failed to create buffer (target 0x2 mode 0 size 0) [0x80070057]
d3d11: failed to create buffer (target 0x2 mode 0 size 0) [0x80070057]
d3d11: failed to create buffer (target 0x2 mode 0 size 0) [0x80070057]
d3d11: failed to create buffer (target 0x2 mode 0 size 0) [0x80070057]
d3d11: failed to create buffer (target 0x2 mode 0 size 0) [0x80070057]
d3d11: failed to create buffer (target 0x2 mode 0 size 0) [0x80070057]
d3d11: failed to create buffer (target 0x2 mode 0 size 0) [0x80070057]
d3d11: failed to create buffer (target 0x2 mode 0 size 0) [0x80070057]
d3d11: failed to create buffer (target 0x2 mode 0 size 0) [0x80070057]
d3d11: failed to create buffer (target 0x2 mode 0 size 0) [0x80070057]
d3d11: failed to create buffer (target 0x2 mode 0 size 0) [0x80070057]
d3d11: failed to create buffer (target 0x2 mode 0 size 0) [0x80070057]
d3d11: failed to create buffer (target 0x2 mode 0 size 0) [0x80070057]
d3d11: failed to create buffer (target 0x2 mode 0 size 0) [0x80070057]
d3d11: failed to create buffer (target 0x2 mode 0 size 0) [0x80070057]
d3d11: failed to create buffer (target 0x2 mode 0 size 0) [0x80070057]
d3d11: failed to create buffer (target 0x2 mode 0 size 0) [0x80070057]
d3d11: failed to create buffer (target 0x2 mode 0 size 0) [0x80070057]
d3d11: failed to create buffer (target 0x2 mode 0 size 0) [0x80070057]
d3d11: failed to create buffer (target 0x2 mode 0 size 0) [0x80070057]
d3d11: failed to create buffer (target 0x2 mode 0 size 0) [0x80070057]
d3d11: failed to create buffer (target 0x2 mode 0 size 0) [0x80070057]
d3d11: failed to create buffer (target 0x2 mode 0 size 0) [0x80070057]
d3d11: failed to create buffer (target 0x2 mode 0 size 0) [0x80070057]
d3d11: failed to create buffer (target 0x2 mode 0 size 0) [0x80070057]
d3d11: failed to create buffer (target 0x2 mode 0 size 0) [0x80070057]
d3d11: failed to create buffer (target 0x2 mode 0 size 0) [0x80070057]
d3d11: failed to create buffer (target 0x2 mode 0 size 0) [0x80070057]
d3d11: failed to create buffer (target 0x2 mode 0 size 0) [0x80070057]
d3d11: failed to create buffer (target 0x2 mode 0 size 0) [0x80070057]
d3d11: failed to create buffer (target 0x2 mode 0 size 0) [0x80070057]
d3d11: failed to create buffer (target 0x2 mode 0 size 0) [0x80070057]
d3d11: failed to create buffer (target 0x2 mode 0 size 0) [0x80070057]
d3d11: failed to create buffer (target 0x2 mode 0 size 0) [0x80070057]
d3d11: failed to create buffer (target 0x2 mode 0 size 0) [0x80070057]
d3d11: failed to create buffer (target 0x2 mode 0 size 0) [0x80070057]
d3d11: failed to create buffer (target 0x2 mode 0 size 0) [0x80070057]
d3d11: failed to create buffer (target 0x2 mode 0 size 0) [0x80070057]
d3d11: failed to create buffer (target 0x2 mode 0 size 0) [0x80070057]
d3d11: failed to create buffer (target 0x2 mode 0 size 0) [0x80070057]
d3d11: failed to create buffer (target 0x2 mode 0 size 0) [0x80070057]
d3d11: failed to create buffer (target 0x2 mode 0 size 0) [0x80070057]
d3d11: failed to create buffer (target 0x2 mode 0 size 0) [0x80070057]
d3d11: failed to create buffer (target 0x2 mode 0 size 0) [0x80070057]
d3d11: failed to create buffer (target 0x2 mode 0 size 0) [0x80070057]
d3d11: failed to create buffer (target 0x2 mode 0 size 0) [0x80070057]
d3d11: failed to create buffer (target 0x2 mode 0 size 0) [0x80070057]
d3d11: failed to create buffer (target 0x2 mode 0 size 0) [0x80070057]
d3d11: failed to create buffer (target 0x2 mode 0 size 0) [0x80070057]
d3d11: failed to create buffer (target 0x2 mode 0 size 0) [0x80070057]
d3d11: failed to create buffer (target 0x2 mode 0 size 0) [0x80070057]
d3d11: failed to create buffer (target 0x2 mode 0 size 0) [0x80070057]
d3d11: failed to create buffer (target 0x2 mode 0 size 0) [0x80070057]
d3d11: failed to create buffer (target 0x2 mode 0 size 0) [0x80070057]
d3d11: failed to create buffer (target 0x2 mode 0 size 0) [0x80070057]
d3d11: failed to create buffer (target 0x2 mode 0 size 0) [0x80070057]
d3d11: failed to create buffer (target 0x2 mode 0 size 0) [0x80070057]
d3d11: failed to create buffer (target 0x2 mode 0 size 0) [0x80070057]
d3d11: failed to create buffer (target 0x2 mode 0 size 0) [0x80070057]
d3d11: failed to create buffer (target 0x2 mode 0 size 0) [0x80070057]
d3d11: failed to create buffer (target 0x2 mode 0 size 0) [0x80070057]
d3d11: failed to create buffer (target 0x2 mode 0 size 0) [0x80070057]
d3d11: failed to create buffer (target 0x2 mode 0 size 0) [0x80070057]
d3d11: failed to create buffer (target 0x2 mode 0 size 0) [0x80070057]
d3d11: failed to create buffer (target 0x2 mode 0 size 0) [0x80070057]
d3d11: failed to create buffer (target 0x2 mode 0 size 0) [0x80070057]
d3d11: failed to create buffer (target 0x2 mode 0 size 0) [0x80070057]
d3d11: failed to create buffer (target 0x2 mode 0 size 0) [0x80070057]
d3d11: failed to create buffer (target 0x2 mode 0 size 0) [0x80070057]
d3d11: failed to create buffer (target 0x2 mode 0 size 0) [0x80070057]
d3d11: failed to create buffer (target 0x2 mode 0 size 0) [0x80070057]
d3d11: failed to create buffer (target 0x2 mode 0 size 0) [0x80070057]
d3d11: failed to create buffer (target 0x2 mode 0 size 0) [0x80070057]
d3d11: failed to create buffer (target 0x2 mode 0 size 0) [0x80070057]
d3d11: failed to create buffer (target 0x2 mode 0 size 0) [0x80070057]
d3d11: failed to create buffer (target 0x2 mode 0 size 0) [0x80070057]
d3d11: failed to create buffer (target 0x2 mode 0 size 0) [0x80070057]
d3d11: failed to create buffer (target 0x2 mode 0 size 0) [0x80070057]
d3d11: failed to create buffer (target 0x2 mode 0 size 0) [0x80070057]
d3d11: failed to create buffer (target 0x2 mode 0 size 0) [0x80070057]
d3d11: failed to create buffer (target 0x2 mode 0 size 0) [0x80070057]
d3d11: failed to create buffer (target 0x2 mode 0 size 0) [0x80070057]
d3d11: failed to create buffer (target 0x2 mode 0 size 0) [0x80070057]
d3d11: failed to create buffer (target 0x2 mode 0 size 0) [0x80070057]
d3d11: failed to create buffer (target 0x2 mode 0 size 0) [0x80070057]
d3d11: failed to create buffer (target 0x2 mode 0 size 0) [0x80070057]
d3d11: failed to create buffer (target 0x2 mode 0 size 0) [0x80070057]
d3d11: failed to create buffer (target 0x2 mode 0 size 0) [0x80070057]
d3d11: failed to create buffer (target 0x2 mode 0 size 0) [0x80070057]
d3d11: failed to create buffer (target 0x2 mode 0 size 0) [0x80070057]
d3d11: failed to create buffer (target 0x2 mode 0 size 0) [0x80070057]
d3d11: failed to create buffer (target 0x2 mode 0 size 0) [0x80070057]
d3d11: failed to create buffer (target 0x2 mode 0 size 0) [0x80070057]
d3d11: failed to create buffer (target 0x2 mode 0 size 0) [0x80070057]
d3d11: failed to create buffer (target 0x2 mode 0 size 0) [0x80070057]
d3d11: failed to create buffer (target 0x2 mode 0 size 0) [0x80070057]
d3d11: failed to create buffer (target 0x2 mode 0 size 0) [0x80070057]
d3d11: failed to create buffer (target 0x2 mode 0 size 0) [0x80070057]
d3d11: failed to create buffer (target 0x2 mode 0 size 0) [0x80070057]
d3d11: failed to create buffer (target 0x2 mode 0 size 0) [0x80070057]
d3d11: failed to create buffer (target 0x2 mode 0 size 0) [0x80070057]
d3d11: failed to create buffer (target 0x2 mode 0 size 0) [0x80070057]
d3d11: failed to create buffer (target 0x2 mode 0 size 0) [0x80070057]
d3d11: failed to create buffer (target 0x2 mode 0 size 0) [0x80070057]
d3d11: failed to create buffer (target 0x2 mode 0 size 0) [0x80070057]
d3d11: failed to create buffer (target 0x2 mode 0 size 0) [0x80070057]
d3d11: failed to create buffer (target 0x2 mode 0 size 0) [0x80070057]
d3d11: failed to create buffer (target 0x2 mode 0 size 0) [0x80070057]
d3d11: failed to create buffer (target 0x2 mode 0 size 0) [0x80070057]
d3d11: failed to create buffer (target 0x2 mode 0 size 0) [0x80070057]
d3d11: failed to create buffer (target 0x2 mode 0 size 0) [0x80070057]
d3d11: failed to create buffer (target 0x2 mode 0 size 0) [0x80070057]
d3d11: failed to create buffer (target 0x2 mode 0 size 0) [0x80070057]
d3d11: failed to create buffer (target 0x2 mode 0 size 0) [0x80070057]
d3d11: failed to create buffer (target 0x2 mode 0 size 0) [0x80070057]
d3d11: failed to create buffer (target 0x2 mode 0 size 0) [0x80070057]
d3d11: failed to create buffer (target 0x2 mode 0 size 0) [0x80070057]
d3d11: failed to create buffer (target 0x2 mode 0 size 0) [0x80070057]
d3d11: failed to create buffer (target 0x2 mode 0 size 0) [0x80070057]
d3d11: failed to create buffer (target 0x2 mode 0 size 0) [0x80070057]
d3d11: failed to create buffer (target 0x2 mode 0 size 0) [0x80070057]
d3d11: failed to create buffer (target 0x2 mode 0 size 0) [0x80070057]
d3d11: failed to create buffer (target 0x2 mode 0 size 0) [0x80070057]
d3d11: failed to create buffer (target 0x2 mode 0 size 0) [0x80070057]
d3d11: failed to create buffer (target 0x2 mode 0 size 0) [0x80070057]
d3d11: failed to create buffer (target 0x2 mode 0 size 0) [0x80070057]
d3d11: failed to create buffer (target 0x2 mode 0 size 0) [0x80070057]
d3d11: failed to create buffer (target 0x2 mode 0 size 0) [0x80070057]
d3d11: failed to create buffer (target 0x2 mode 0 size 0) [0x80070057]
d3d11: failed to create buffer (target 0x2 mode 0 size 0) [0x80070057]
d3d11: failed to create buffer (target 0x2 mode 0 size 0) [0x80070057]
d3d11: failed to create buffer (target 0x2 mode 0 size 0) [0x80070057]
d3d11: failed to create buffer (target 0x2 mode 0 size 0) [0x80070057]
d3d11: failed to create buffer (target 0x2 mode 0 size 0) [0x80070057]
d3d11: failed to create buffer (target 0x2 mode 0 size 0) [0x80070057]
d3d11: failed to create buffer (target 0x2 mode 0 size 0) [0x80070057]
d3d11: failed to create buffer (target 0x2 mode 0 size 0) [0x80070057]
d3d11: failed to create buffer (target 0x2 mode 0 size 0) [0x80070057]
d3d11: failed to create buffer (target 0x2 mode 0 size 0) [0x80070057]
d3d11: failed to create buffer (target 0x2 mode 0 size 0) [0x80070057]
d3d11: failed to create buffer (target 0x2 mode 0 size 0) [0x80070057]
d3d11: failed to create buffer (target 0x2 mode 0 size 0) [0x80070057]
d3d11: failed to create buffer (target 0x2 mode 0 size 0) [0x80070057]
d3d11: failed to create buffer (target 0x2 mode 0 size 0) [0x80070057]
d3d11: failed to create buffer (target 0x2 mode 0 size 0) [0x80070057]
d3d11: failed to create buffer (target 0x2 mode 0 size 0) [0x80070057]
d3d11: failed to create buffer (target 0x2 mode 0 size 0) [0x80070057]
d3d11: failed to create buffer (target 0x2 mode 0 size 0) [0x80070057]
d3d11: failed to create buffer (target 0x2 mode 0 size 0) [0x80070057]
d3d11: failed to create buffer (target 0x2 mode 0 size 0) [0x80070057]
d3d11: failed to create buffer (target 0x2 mode 0 size 0) [0x80070057]
d3d11: failed to create buffer (target 0x2 mode 0 size 0) [0x80070057]
d3d11: failed to create buffer (target 0x2 mode 0 size 0) [0x80070057]
d3d11: failed to create buffer (target 0x2 mode 0 size 0) [0x80070057]
d3d11: failed to create buffer (target 0x2 mode 0 size 0) [0x80070057]
d3d11: failed to create buffer (target 0x2 mode 0 size 0) [0x80070057]
d3d11: failed to create buffer (target 0x2 mode 0 size 0) [0x80070057]
d3d11: failed to create buffer (target 0x2 mode 0 size 0) [0x80070057]
d3d11: failed to create buffer (target 0x2 mode 0 size 0) [0x80070057]
d3d11: failed to create buffer (target 0x2 mode 0 size 0) [0x80070057]
d3d11: failed to create buffer (target 0x2 mode 0 size 0) [0x80070057]
d3d11: failed to create buffer (target 0x2 mode 0 size 0) [0x80070057]
d3d11: failed to create buffer (target 0x2 mode 0 size 0) [0x80070057]
d3d11: failed to create buffer (target 0x2 mode 0 size 0) [0x80070057]
d3d11: failed to create buffer (target 0x2 mode 0 size 0) [0x80070057]
d3d11: failed to create buffer (target 0x2 mode 0 size 0) [0x80070057]
d3d11: failed to create buffer (target 0x2 mode 0 size 0) [0x80070057]
d3d11: failed to create buffer (target 0x2 mode 0 size 0) [0x80070057]
d3d11: failed to create buffer (target 0x2 mode 0 size 0) [0x80070057]
d3d11: failed to create buffer (target 0x2 mode 0 size 0) [0x80070057]
d3d11: failed to create buffer (target 0x2 mode 0 size 0) [0x80070057]
d3d11: failed to create buffer (target 0x2 mode 0 size 0) [0x80070057]
d3d11: failed to create buffer (target 0x2 mode 0 size 0) [0x80070057]
d3d11: failed to create buffer (target 0x2 mode 0 size 0) [0x80070057]
d3d11: failed to create buffer (target 0x2 mode 0 size 0) [0x80070057]
d3d11: failed to create buffer (target 0x2 mode 0 size 0) [0x80070057]
d3d11: failed to create buffer (target 0x2 mode 0 size 0) [0x80070057]
d3d11: failed to create buffer (target 0x2 mode 0 size 0) [0x80070057]
d3d11: failed to create buffer (target 0x2 mode 0 size 0) [0x80070057]
d3d11: failed to create buffer (target 0x2 mode 0 size 0) [0x80070057]
d3d11: failed to create buffer (target 0x2 mode 0 size 0) [0x80070057]
d3d11: failed to create buffer (target 0x2 mode 0 size 0) [0x80070057]
d3d11: failed to create buffer (target 0x2 mode 0 size 0) [0x80070057]
d3d11: failed to create buffer (target 0x2 mode 0 size 0) [0x80070057]
d3d11: failed to create buffer (target 0x2 mode 0 size 0) [0x80070057]
d3d11: failed to create buffer (target 0x2 mode 0 size 0) [0x80070057]
d3d11: failed to create buffer (target 0x2 mode 0 size 0) [0x80070057]
d3d11: failed to create buffer (target 0x2 mode 0 size 0) [0x80070057]
d3d11: failed to create buffer (target 0x2 mode 0 size 0) [0x80070057]
d3d11: failed to create buffer (target 0x2 mode 0 size 0) [0x80070057]
d3d11: failed to create buffer (target 0x2 mode 0 size 0) [0x80070057]
d3d11: failed to create buffer (target 0x2 mode 0 size 0) [0x80070057]
d3d11: failed to create buffer (target 0x2 mode 0 size 0) [0x80070057]
d3d11: failed to create buffer (target 0x2 mode 0 size 0) [0x80070057]
d3d11: failed to create buffer (target 0x2 mode 0 size 0) [0x80070057]
d3d11: failed to create buffer (target 0x2 mode 0 size 0) [0x80070057]
d3d11: failed to create buffer (target 0x2 mode 0 size 0) [0x80070057]
d3d11: failed to create buffer (target 0x2 mode 0 size 0) [0x80070057]
d3d11: failed to create buffer (target 0x2 mode 0 size 0) [0x80070057]
d3d11: failed to create buffer (target 0x2 mode 0 size 0) [0x80070057]
d3d11: failed to create buffer (target 0x2 mode 0 size 0) [0x80070057]
d3d11: failed to create buffer (target 0x2 mode 0 size 0) [0x80070057]
d3d11: failed to create buffer (target 0x2 mode 0 size 0) [0x80070057]
d3d11: failed to create buffer (target 0x2 mode 0 size 0) [0x80070057]
d3d11: failed to create buffer (target 0x2 mode 0 size 0) [0x80070057]
d3d11: failed to create buffer (target 0x2 mode 0 size 0) [0x80070057]
d3d11: failed to create buffer (target 0x2 mode 0 size 0) [0x80070057]
d3d11: failed to create buffer (target 0x2 mode 0 size 0) [0x80070057]
d3d11: failed to create buffer (target 0x2 mode 0 size 0) [0x80070057]
d3d11: failed to create buffer (target 0x2 mode 0 size 0) [0x80070057]
d3d11: failed to create buffer (target 0x2 mode 0 size 0) [0x80070057]
d3d11: failed to create buffer (target 0x2 mode 0 size 0) [0x80070057]
d3d11: failed to create buffer (target 0x2 mode 0 size 0) [0x80070057]
d3d11: failed to create buffer (target 0x2 mode 0 size 0) [0x80070057]
d3d11: failed to create buffer (target 0x2 mode 0 size 0) [0x80070057]
d3d11: failed to create buffer (target 0x2 mode 0 size 0) [0x80070057]
d3d11: failed to create buffer (target 0x2 mode 0 size 0) [0x80070057]
d3d11: failed to create buffer (target 0x2 mode 0 size 0) [0x80070057]
d3d11: failed to create buffer (target 0x2 mode 0 size 0) [0x80070057]
d3d11: failed to create buffer (target 0x2 mode 0 size 0) [0x80070057]
d3d11: failed to create buffer (target 0x2 mode 0 size 0) [0x80070057]
d3d11: failed to create buffer (target 0x2 mode 0 size 0) [0x80070057]
d3d11: failed to create buffer (target 0x2 mode 0 size 0) [0x80070057]
d3d11: failed to create buffer (target 0x2 mode 0 size 0) [0x80070057]
d3d11: failed to create buffer (target 0x2 mode 0 size 0) [0x80070057]
d3d11: failed to create buffer (target 0x2 mode 0 size 0) [0x80070057]
d3d11: failed to create buffer (target 0x2 mode 0 size 0) [0x80070057]
d3d11: failed to create buffer (target 0x2 mode 0 size 0) [0x80070057]
d3d11: failed to create buffer (target 0x2 mode 0 size 0) [0x80070057]
d3d11: failed to create buffer (target 0x2 mode 0 size 0) [0x80070057]
d3d11: failed to create buffer (target 0x2 mode 0 size 0) [0x80070057]
d3d11: failed to create buffer (target 0x2 mode 0 size 0) [0x80070057]
d3d11: failed to create buffer (target 0x2 mode 0 size 0) [0x80070057]
d3d11: failed to create buffer (target 0x2 mode 0 size 0) [0x80070057]
d3d11: failed to create buffer (target 0x2 mode 0 size 0) [0x80070057]
d3d11: failed to create buffer (target 0x2 mode 0 size 0) [0x80070057]
d3d11: failed to create buffer (target 0x2 mode 0 size 0) [0x80070057]
d3d11: failed to create buffer (target 0x2 mode 0 size 0) [0x80070057]
d3d11: failed to create buffer (target 0x2 mode 0 size 0) [0x80070057]
d3d11: failed to create buffer (target 0x2 mode 0 size 0) [0x80070057]
d3d11: failed to create buffer (target 0x2 mode 0 size 0) [0x80070057]
d3d11: failed to create buffer (target 0x2 mode 0 size 0) [0x80070057]
d3d11: failed to create buffer (target 0x2 mode 0 size 0) [0x80070057]
d3d11: failed to create buffer (target 0x2 mode 0 size 0) [0x80070057]
d3d11: failed to create buffer (target 0x2 mode 0 size 0) [0x80070057]
d3d11: failed to create buffer (target 0x2 mode 0 size 0) [0x80070057]
d3d11: failed to create buffer (target 0x2 mode 0 size 0) [0x80070057]
d3d11: failed to create buffer (target 0x2 mode 0 size 0) [0x80070057]
d3d11: failed to create buffer (target 0x2 mode 0 size 0) [0x80070057]
d3d11: failed to create buffer (target 0x2 mode 0 size 0) [0x80070057]
d3d11: failed to create buffer (target 0x2 mode 0 size 0) [0x80070057]
d3d11: failed to create buffer (target 0x2 mode 0 size 0) [0x80070057]
d3d11: failed to create buffer (target 0x2 mode 0 size 0) [0x80070057]
d3d11: failed to create buffer (target 0x2 mode 0 size 0) [0x80070057]
d3d11: failed to create buffer (target 0x2 mode 0 size 0) [0x80070057]
d3d11: failed to create buffer (target 0x2 mode 0 size 0) [0x80070057]
d3d11: failed to create buffer (target 0x2 mode 0 size 0) [0x80070057]
d3d11: failed to create buffer (target 0x2 mode 0 size 0) [0x80070057]
d3d11: failed to create buffer (target 0x2 mode 0 size 0) [0x80070057]
d3d11: failed to create buffer (target 0x2 mode 0 size 0) [0x80070057]
d3d11: failed to create buffer (target 0x2 mode 0 size 0) [0x80070057]
d3d11: failed to create buffer (target 0x2 mode 0 size 0) [0x80070057]
d3d11: failed to create buffer (target 0x2 mode 0 size 0) [0x80070057]
d3d11: failed to create buffer (target 0x2 mode 0 size 0) [0x80070057]
d3d11: failed to create buffer (target 0x2 mode 0 size 0) [0x80070057]
d3d11: failed to create buffer (target 0x2 mode 0 size 0) [0x80070057]
d3d11: failed to create buffer (target 0x2 mode 0 size 0) [0x80070057]
d3d11: failed to create buffer (target 0x2 mode 0 size 0) [0x80070057]
d3d11: failed to create buffer (target 0x2 mode 0 size 0) [0x80070057]
d3d11: failed to create buffer (target 0x2 mode 0 size 0) [0x80070057]
d3d11: failed to create buffer (target 0x2 mode 0 size 0) [0x80070057]
d3d11: failed to create buffer (target 0x2 mode 0 size 0) [0x80070057]
d3d11: failed to create buffer (target 0x2 mode 0 size 0) [0x80070057]
d3d11: failed to create buffer (target 0x2 mode 0 size 0) [0x80070057]
d3d11: failed to create buffer (target 0x2 mode 0 size 0) [0x80070057]
d3d11: failed to create buffer (target 0x2 mode 0 size 0) [0x80070057]
d3d11: failed to create buffer (target 0x2 mode 0 size 0) [0x80070057]
d3d11: failed to create buffer (target 0x2 mode 0 size 0) [0x80070057]
d3d11: failed to create buffer (target 0x2 mode 0 size 0) [0x80070057]
d3d11: failed to create buffer (target 0x2 mode 0 size 0) [0x80070057]
d3d11: failed to create buffer (target 0x2 mode 0 size 0) [0x80070057]
d3d11: failed to create buffer (target 0x2 mode 0 size 0) [0x80070057]
d3d11: failed to create buffer (target 0x2 mode 0 size 0) [0x80070057]
d3d11: failed to create buffer (target 0x2 mode 0 size 0) [0x80070057]
d3d11: failed to create buffer (target 0x2 mode 0 size 0) [0x80070057]
d3d11: failed to create buffer (target 0x2 mode 0 size 0) [0x80070057]
d3d11: failed to create buffer (target 0x2 mode 0 size 0) [0x80070057]
d3d11: failed to create buffer (target 0x2 mode 0 size 0) [0x80070057]
d3d11: failed to create buffer (target 0x2 mode 0 size 0) [0x80070057]
d3d11: failed to create buffer (target 0x2 mode 0 size 0) [0x80070057]
d3d11: failed to create buffer (target 0x2 mode 0 size 0) [0x80070057]
d3d11: failed to create buffer (target 0x2 mode 0 size 0) [0x80070057]
d3d11: failed to create buffer (target 0x2 mode 0 size 0) [0x80070057]
d3d11: failed to create buffer (target 0x2 mode 0 size 0) [0x80070057]
d3d11: failed to create buffer (target 0x2 mode 0 size 0) [0x80070057]
d3d11: failed to create buffer (target 0x2 mode 0 size 0) [0x80070057]
d3d11: failed to create buffer (target 0x2 mode 0 size 0) [0x80070057]
d3d11: failed to create buffer (target 0x2 mode 0 size 0) [0x80070057]
d3d11: failed to create buffer (target 0x2 mode 0 size 0) [0x80070057]
d3d11: failed to create buffer (target 0x2 mode 0 size 0) [0x80070057]
d3d11: failed to create buffer (target 0x2 mode 0 size 0) [0x80070057]
d3d11: failed to create buffer (target 0x2 mode 0 size 0) [0x80070057]
d3d11: failed to create buffer (target 0x2 mode 0 size 0) [0x80070057]
d3d11: failed to create buffer (target 0x2 mode 0 size 0) [0x80070057]
d3d11: failed to create buffer (target 0x2 mode 0 size 0) [0x80070057]
d3d11: failed to create buffer (target 0x2 mode 0 size 0) [0x80070057]
d3d11: failed to create buffer (target 0x2 mode 0 size 0) [0x80070057]
d3d11: failed to create buffer (target 0x2 mode 0 size 0) [0x80070057]
d3d11: failed to create buffer (target 0x2 mode 0 size 0) [0x80070057]
d3d11: failed to create buffer (target 0x2 mode 0 size 0) [0x80070057]
d3d11: failed to create buffer (target 0x2 mode 0 size 0) [0x80070057]
d3d11: failed to create buffer (target 0x2 mode 0 size 0) [0x80070057]
d3d11: failed to create buffer (target 0x2 mode 0 size 0) [0x80070057]
d3d11: failed to create buffer (target 0x2 mode 0 size 0) [0x80070057]
d3d11: failed to create buffer (target 0x2 mode 0 size 0) [0x80070057]
d3d11: failed to create buffer (target 0x2 mode 0 size 0) [0x80070057]
d3d11: failed to create buffer (target 0x2 mode 0 size 0) [0x80070057]
d3d11: failed to create buffer (target 0x2 mode 0 size 0) [0x80070057]
d3d11: failed to create buffer (target 0x2 mode 0 size 0) [0x80070057]
d3d11: failed to create buffer (target 0x2 mode 0 size 0) [0x80070057]
d3d11: failed to create buffer (target 0x2 mode 0 size 0) [0x80070057]
d3d11: failed to create buffer (target 0x2 mode 0 size 0) [0x80070057]
d3d11: failed to create buffer (target 0x2 mode 0 size 0) [0x80070057]
d3d11: failed to create buffer (target 0x2 mode 0 size 0) [0x80070057]
d3d11: failed to create buffer (target 0x2 mode 0 size 0) [0x80070057]
d3d11: failed to create buffer (target 0x2 mode 0 size 0) [0x80070057]
d3d11: failed to create buffer (target 0x2 mode 0 size 0) [0x80070057]
d3d11: failed to create buffer (target 0x2 mode 0 size 0) [0x80070057]
d3d11: failed to create buffer (target 0x2 mode 0 size 0) [0x80070057]
d3d11: failed to create buffer (target 0x2 mode 0 size 0) [0x80070057]
d3d11: failed to create buffer (target 0x2 mode 0 size 0) [0x80070057]
d3d11: failed to create buffer (target 0x2 mode 0 size 0) [0x80070057]
d3d11: failed to create buffer (target 0x2 mode 0 size 0) [0x80070057]
d3d11: failed to create buffer (target 0x2 mode 0 size 0) [0x80070057]
d3d11: failed to create buffer (target 0x2 mode 0 size 0) [0x80070057]
d3d11: failed to create buffer (target 0x2 mode 0 size 0) [0x80070057]
d3d11: failed to create buffer (target 0x2 mode 0 size 0) [0x80070057]
d3d11: failed to create buffer (target 0x2 mode 0 size 0) [0x80070057]
d3d11: failed to create buffer (target 0x2 mode 0 size 0) [0x80070057]
Unloading 7 Unused Serialized files (Serialized files now loaded: 0)
UnloadTime: 88.244100 ms
[INFO] GameCoreXboxContext: Awake
[INFO] GameCoreXboxContext: Awake Finished
[INFO] [Culture=en]
[INFO] GameCoreXboxStorageProvider: Getting profile
[INFO] GameCoreXboxStorageProvider: Getting settings
[INFO] [Culture=en]
Skipping deserializing spawn time, as it's missing.
UnityEngine.Logger:Log(LogType, Object)
UnityEngine.Debug:Log(Object)
MonomiPark.SlimeRancher.SavedGame:SetSpawnTimes(GameModel, Dictionary`2)
MonomiPark.SlimeRancher.SavedGame:Push(GameModel)
<OnGameLoadedCoroutine>d__74:MoveNext()
UnityEngine.SetupCoroutine:InvokeMoveNext(IEnumerator, IntPtr)
RecycleEvent:Invoke(GameObject)
SceneContext:Start()
 
(Filename: C:\buildslave\unity\build\Runtime/Export/Debug/Debug.bindings.h Line: 39)

Skipping deserializing spawn time, as it's missing.
UnityEngine.Logger:Log(LogType, Object)
UnityEngine.Debug:Log(Object)
MonomiPark.SlimeRancher.SavedGame:SetSpawnTimes(GameModel, Dictionary`2)
MonomiPark.SlimeRancher.SavedGame:Push(GameModel)
<OnGameLoadedCoroutine>d__74:MoveNext()
UnityEngine.SetupCoroutine:InvokeMoveNext(IEnumerator, IntPtr)
RecycleEvent:Invoke(GameObject)
SceneContext:Start()
 
(Filename: C:\buildslave\unity\build\Runtime/Export/Debug/Debug.bindings.h Line: 39)

Skipping deserializing spawn time, as it's missing.
UnityEngine.Logger:Log(LogType, Object)
UnityEngine.Debug:Log(Object)
MonomiPark.SlimeRancher.SavedGame:SetSpawnTimes(GameModel, Dictionary`2)
MonomiPark.SlimeRancher.SavedGame:Push(GameModel)
<OnGameLoadedCoroutine>d__74:MoveNext()
UnityEngine.SetupCoroutine:InvokeMoveNext(IEnumerator, IntPtr)
RecycleEvent:Invoke(GameObject)
SceneContext:Start()
 
(Filename: C:\buildslave\unity\build\Runtime/Export/Debug/Debug.bindings.h Line: 39)

Skipping deserializing spawn time, as it's missing.
UnityEngine.Logger:Log(LogType, Object)
UnityEngine.Debug:Log(Object)
MonomiPark.SlimeRancher.SavedGame:SetSpawnTimes(GameModel, Dictionary`2)
MonomiPark.SlimeRancher.SavedGame:Push(GameModel)
<OnGameLoadedCoroutine>d__74:MoveNext()
UnityEngine.SetupCoroutine:InvokeMoveNext(IEnumerator, IntPtr)
RecycleEvent:Invoke(GameObject)
SceneContext:Start()
 
(Filename: C:\buildslave\unity\build\Runtime/Export/Debug/Debug.bindings.h Line: 39)

Skipping deserializing spawn time, as it's missing.
UnityEngine.Logger:Log(LogType, Object)
UnityEngine.Debug:Log(Object)
MonomiPark.SlimeRancher.SavedGame:SetSpawnTimes(GameModel, Dictionary`2)
MonomiPark.SlimeRancher.SavedGame:Push(GameModel)
<OnGameLoadedCoroutine>d__74:MoveNext()
UnityEngine.SetupCoroutine:InvokeMoveNext(IEnumerator, IntPtr)
RecycleEvent:Invoke(GameObject)
SceneContext:Start()
 
(Filename: C:\buildslave\unity\build\Runtime/Export/Debug/Debug.bindings.h Line: 39)

Skipping deserializing spawn time, as it's missing.
UnityEngine.Logger:Log(LogType, Object)
UnityEngine.Debug:Log(Object)
MonomiPark.SlimeRancher.SavedGame:SetSpawnTimes(GameModel, Dictionary`2)
MonomiPark.SlimeRancher.SavedGame:Push(GameModel)
<OnGameLoadedCoroutine>d__74:MoveNext()
UnityEngine.SetupCoroutine:InvokeMoveNext(IEnumerator, IntPtr)
RecycleEvent:Invoke(GameObject)
SceneContext:Start()
 
(Filename: C:\buildslave\unity\build\Runtime/Export/Debug/Debug.bindings.h Line: 39)

Skipping deserializing spawn time, as it's missing.
UnityEngine.Logger:Log(LogType, Object)
UnityEngine.Debug:Log(Object)
MonomiPark.SlimeRancher.SavedGame:SetSpawnTimes(GameModel, Dictionary`2)
MonomiPark.SlimeRancher.SavedGame:Push(GameModel)
<OnGameLoadedCoroutine>d__74:MoveNext()
UnityEngine.SetupCoroutine:InvokeMoveNext(IEnumerator, IntPtr)
RecycleEvent:Invoke(GameObject)
SceneContext:Start()
 
(Filename: C:\buildslave\unity\build\Runtime/Export/Debug/Debug.bindings.h Line: 39)


Unloading 1478 unused Assets to reduce memory usage. Loaded Objects now: 603707.
Total: 1179.597300 ms (FindLiveObjects: 206.582900 ms CreateObjectMapping: 59.078400 ms MarkObjects: 906.845800 ms  DeleteObjects: 7.088700 ms)

[INFO] GameCoreXboxStorageProvider: Store Game [name=20210909095746_Game1_1]
[WARNING] Cleaning up autosave file. [name=20210909095746_Game1_2]
UnityEngine.Logger:Log(LogType, Object)
UnityEngine.Debug:LogWarning(Object)
Log:Warning(String, Object[])
AutoSaveDirector:CleanupAutosaves(String)
AutoSaveDirector:SaveGame()
AutoSaveDirector:OnApplicationQuit()
 
(Filename: C:\buildslave\unity\build\Runtime/Export/Debug/Debug.bindings.h Line: 39)

[INFO] GameCoreXboxStorageProvider: Store Profile
[INFO] GameCoreXboxStorageProvider: Profile stored.
[INFO] GameCoreXboxStorageProvider: Store Settings
[INFO] GameCoreXboxStorageProvider: Settings stored.
