Mono path[0] = 'C:/Users/jemas/Downloads/Compressed/Potion.Craft.Alchemist.Simulator.Early.Access/Potion.Craft.Alchemist.Simulator.Early.Access/Potion Craft_Data/Managed'
Mono config path = 'C:/Users/jemas/Downloads/Compressed/Potion.Craft.Alchemist.Simulator.Early.Access/Potion.Craft.Alchemist.Simulator.Early.Access/MonoBleedingEdge/etc'
Initialize engine version: 2020.2.1f1 (270dd8c3da1c)
[Subsystems] Discovering subsystems at path C:/Users/jemas/Downloads/Compressed/Potion.Craft.Alchemist.Simulator.Early.Access/Potion.Craft.Alchemist.Simulator.Early.Access/Potion Craft_Data/UnitySubsystems
GfxDevice: creating device client; threaded=1
Direct3D:
    Version:  Direct3D 11.0 [level 11.1]
    Renderer: NVIDIA GeForce RTX 3060 Laptop GPU (ID=0x2520)
    Vendor:   
    VRAM:     6023 MB
    Driver:   30.0.14.7212
Begin MonoManager ReloadAssembly
- Completed reload, in  5.651 seconds
D3D11 device created for Microsoft Media Foundation video decoding.
<RI> Initializing input.
<RI> Input initialized.
<RI> Initialized touch support.
UnloadTime: 14.113700 ms
Global state "GlobalState" loaded.

Progress state "NewGame" saved.

Global state "GlobalState" saved.

Progress state "Autosave (Slot 0)" loaded.

Progress state "Autosave (Slot 0)" saved.

Setting up 4 worker threads for Enlighten.
  Thread -> id: 6e14 -> priority: 1 
  Thread -> id: 6a44 -> priority: 1 
  Thread -> id: 46f4 -> priority: 1 
  Thread -> id: 3668 -> priority: 1 
Curl error 42: Callback aborted

