System.Net.WebException: Resource temporarily unavailable Resource temporarily unavailable
 ---> System.Net.Http.HttpRequestException: Resource temporarily unavailable
 ---> System.Net.Sockets.SocketException (11): Resource temporarily unavailable
   at System.Net.Http.ConnectHelper.ConnectAsync(String host, Int32 port, CancellationToken cancellationToken)
   --- End of inner exception stack trace ---
   at System.Net.Http.ConnectHelper.ConnectAsync(String host, Int32 port, CancellationToken cancellationToken)
   at System.Net.Http.HttpConnectionPool.ConnectAsync(HttpRequestMessage request, Boolean allowHttp2, CancellationToken cancellationToken)
   at System.Net.Http.HttpConnectionPool.CreateHttp11ConnectionAsync(HttpRequestMessage request, CancellationToken cancellationToken)
   at System.Net.Http.HttpConnectionPool.GetHttpConnectionAsync(HttpRequestMessage request, CancellationToken cancellationToken)
   at System.Net.Http.HttpConnectionPool.SendWithRetryAsync(HttpRequestMessage request, Boolean doRequestAuth, CancellationToken cancellationToken)
   at System.Net.Http.RedirectHandler.SendAsync(HttpRequestMessage request, CancellationToken cancellationToken)
   at System.Net.Http.HttpClient.FinishSendAsyncUnbuffered(Task`1 sendTask, HttpRequestMessage request, CancellationTokenSource cts, Boolean disposeCts)
   at System.Net.HttpWebRequest.SendRequest()
   at System.Net.HttpWebRequest.GetResponse()
   --- End of inner exception stack trace ---
   at System.Net.HttpWebRequest.GetResponse()
   at System.Net.WebClient.GetWebResponse(WebRequest request)
   at System.Net.WebClient.DownloadBits(WebRequest request, Stream writeStream)
   at System.Net.WebClient.DownloadDataInternal(Uri address, WebRequest& request)
   at System.Net.WebClient.DownloadString(Uri address)
   at Modinstaller2.Services.Database.FromUrl(String uri, Settings config)
   at Modinstaller2.ViewModels.MainWindowViewModel.SwapToModlist(Settings settings)
   at Modinstaller2.ViewModels.MainWindowViewModel..ctor()
   at Modinstaller2.App.OnFrameworkInitializationCompleted()
   at Avalonia.Controls.AppBuilderBase`1.Setup() in /_/src/Avalonia.Controls/AppBuilderBase.cs:line 313
   at Avalonia.Controls.AppBuilderBase`1.SetupWithLifetime(IApplicationLifetime lifetime) in /_/src/Avalonia.Controls/AppBuilderBase.cs:line 180
   at Avalonia.ClassicDesktopStyleApplicationLifetimeExtensions.StartWithClassicDesktopLifetime[T](T builder, String[] args, ShutdownMode shutdownMode) in /_/src/Avalonia.Controls/ApplicationLifetimes/ClassicDesktopStyleApplicationLifetime.cs:line 134
   at Modinstaller2.Program.Main(String[] args)