   0.002 2021-10-22 08:13:52; Factorio 1.1.42 (build 59009, win64, steam)
   0.002 Operating system: Windows 10 (build 19043) 
   0.003 Program arguments: "C:\Users\jmacgilliv\Downloads\Factorio.v1.1.42\bin\x64\factorio.exe" 
   0.003 Read data path: C:/Users/jmacgilliv/Downloads/Factorio.v1.1.42/data
   0.003 Write data path: C:/Users/jmacgilliv/Downloads/schoolwork/game saves/Factorio [64077/241126MB]
   0.003 Binaries path: C:/Users/jmacgilliv/Downloads/Factorio.v1.1.42/bin
   0.052 System info: [CPU: Intel(R) Pentium(R) Silver N5000 CPU @ 1.10GHz, 4 cores, RAM: 4541/8013 MB, page: 7809/14157 MB, virtual: 4262/134217727 MB, extended virtual: 0 MB]
   0.053 Display options: [FullScreen: 1] [VSync: 1] [UIScale: automatic (100.0%)] [Native DPI: 1] [Screen: 255] [Special: lmw] [Lang: en]
   0.058 Available displays: 1
   0.058  [0]: \\.\DISPLAY1 - Intel(R) UHD Graphics 605 {0x05, [0,0], 1366x768, 32bit, 60Hz}
   0.143 [Direct3D11] Display: 0, Output: 0, DisplayAdapter: 0, RenderingAdapter: 0; d3dcompiler_47.dll
   1.023 Initialised Direct3D[0]: Intel(R) UHD Graphics 605; id: 8086-3184; driver: igdumdim64.dll 27.20.100.9664
   1.023   D3D Feature Level: 11.1, DXGI 1.5+, SwapChain: 3,flip-discard,-,-,-,none
   1.023   [Local Video Memory] Budget: 3605MB, CurrentUsage: 0MB, Reservation: 0/1903MB
   1.023   [Non-Local Vid.Mem.] Budget: 0MB, CurrentUsage: 0MB, Reservation: 0/0MB
   1.023   Tiled resources: Tier 2
   1.023   Unified Memory Architecture: Yes
   1.023   BGR 565 Supported: Yes
   1.023   MaximumFrameLatency: 3, GPUThreadPriority: 0
   1.025 Graphics settings preset: integrated-gpuhigh
   1.025   Dedicated video memory size 128 MB
   1.287 Desktop composition is active.
   1.287 Graphics options: [Graphics quality: high] [Video memory usage: all] [DXT: high-quality] [Color: 32bit]
   1.287                   [Max threads (load/render): 32/4] [Max texture size: 8192] [Tex.Stream.: 0] [Rotation quality: normal] [Other: sTDCwt] [B:0,C:0,S:100]
   1.358 DSound: Starting _dsound_update thread
   1.358 [Audio] Backend:default; Depth:16, Channel:2, Frequency:44100; MixerQuality:linear
   1.358 DSound: Enter _dsound_update; tid=7468
   2.013 Loading mod core 0.0.0 (data.lua)
   2.453 Loading mod base 1.1.42 (data.lua)
   4.324 Loading mod base 1.1.42 (data-updates.lua)
   4.609 Checksum for core: 2678779337
   4.609 Checksum of base: 1707732430
   5.216 Prototype list checksum: 3034860339
   5.333 Loading sounds...
  19.608 Info PlayerData.cpp:73: Local player-data.json unavailable
  19.608 Info PlayerData.cpp:76: Cloud player-data.json available, timestamp 1634729144
  20.040 Initial atlas bitmap size is 8192
  20.093 Created atlas bitmap 8192x8180 [none]
  20.127 Created atlas bitmap 8192x8180 [none]
  20.150 Created atlas bitmap 8192x8164 [none]
  20.187 Created atlas bitmap 8192x8184 [none]
  20.212 Created atlas bitmap 8192x8184 [none]
  20.253 Created atlas bitmap 8192x8192 [none]
  20.280 Created atlas bitmap 8192x8192 [none]
  20.281 Created atlas bitmap 8192x2556 [none]
  20.281 Created atlas bitmap 8192x4188 [decal]
  20.291 Created atlas bitmap 8192x8128 [low-object]
  20.292 Created atlas bitmap 8192x3040 [low-object]
  20.293 Created atlas bitmap 8192x4448 [mipmap, linear-minification, linear-magnification, linear-mip-level]
  20.298 Created atlas bitmap 8192x8096 [terrain, mipmap, linear-minification, linear-mip-level]
  20.299 Created atlas bitmap 8192x4688 [terrain, mipmap, linear-minification, linear-mip-level]
  20.299 Created atlas bitmap 4096x3216 [terrain-effect-map, mipmap, linear-minification, linear-mip-level]
  20.300 Created atlas bitmap 4096x1840 [smoke, mipmap, linear-minification, linear-magnification]
  20.300 Created atlas bitmap 4096x3104 [mipmap]
  20.301 Created atlas bitmap 8192x2240 [icon, not-compressed, mipmap, linear-minification, linear-magnification, linear-mip-level]
  20.301 Created atlas bitmap 8192x1496 [alpha-mask]
  20.377 Created atlas bitmap 8192x8184 [shadow, linear-magnification, alpha-mask]
  20.378 Created atlas bitmap 8192x936 [shadow, linear-magnification, alpha-mask]
  20.378 Created atlas bitmap 4096x1312 [shadow, mipmap, linear-magnification, alpha-mask]
  20.379 Created atlas bitmap 2048x240 [icon-background, not-compressed, mipmap, linear-minification, linear-magnification, linear-mip-level, ]
  20.396 Texture processor created (2048). GPU accelerated compression Supported: yes, Enabled: yes/yes. Test passed. YCoCgDXT PSNR: 35.83, BC3 PSNR: 33.82
  28.961 Parallel Sprite Loader initialized (threads: 3)
  48.457 Sprites loaded
  48.567 Generated mipmaps (4) for atlas [9] of size 8192x8128   
  48.601 Generated mipmaps (4) for atlas [10] of size 8192x3040   
  48.644 Generated mipmaps (3) for atlas [11] of size 8192x4448   
  48.698 Generated mipmaps (3) for atlas [12] of size 8192x8096   
  48.732 Generated mipmaps (3) for atlas [13] of size 8192x4688   
  48.743 Generated mipmaps (3) for atlas [14] of size 4096x3216   
  48.754 Generated mipmaps (3) for atlas [15] of size 4096x1840   
  48.822 Generated mipmaps (3) for atlas [16] of size 4096x3104   
  48.843 Generated mipmaps (5) for atlas [17] of size 8192x2240   
  48.855 Generated mipmaps (3) for atlas [21] of size 4096x1312   
  48.864 Custom mipmaps uploaded.
  50.601 Factorio initialised
  50.647 Steam Storage Quota: 256/256
  66.421 Loading map C:\Users\jmacgilliv\Downloads\schoolwork\game saves\Factorio\saves\save.zip: 6166977 bytes.
  66.543 Loading level.dat: 14909287 bytes.
  66.550 Info Scenario.cpp:198: Map version 1.1.42-0
  67.130 Loading script.dat: 1182 bytes.
  67.139 Checksum for script C:/Users/jmacgilliv/Downloads/schoolwork/game saves/Factorio/temp/currently-playing/control.lua: 1532059105
 264.349 Info AppManager.cpp:306: Saving to _autosave3 (blocking).
 265.125 Info AppManagerStates.cpp:1938: Saving finished
 566.599 Info AppManager.cpp:306: Saving to _autosave1 (blocking).
 567.446 Info AppManagerStates.cpp:1938: Saving finished
 754.733 Info AppManagerStates.cpp:1938: Saving finished
 757.181 Quitting: window closed.
 757.515 DSound: Stopping voice
 757.516 DSound: Joining thread
 757.516 DSound: Exit _dsound_update; tid=7468
 757.516 DSound: Waiting for voice to stop ... signaled
 757.517 DSound: Joined thread
 757.517 DSound: Destroying thread
 757.517 DSound: Thread destroyed
 757.517 DSound: Releasing buffer
 757.517 DSound: Voice stopped
 757.517 DSound: Deallocating voice
 757.517 DSound: Deallocated voice
 757.925 Steam API shutdown.
 757.930 Goodbye
