   0.002 2021-10-22 08:49:06; Factorio 1.1.42 (build 59009, win64, steam)
   0.003 Operating system: Windows 10 (build 19043) 
   0.003 Program arguments: "C:\Users\jmacgilliv\Downloads\Factorio.v1.1.42\bin\x64\factorio.exe" 
   0.003 Read data path: C:/Users/jmacgilliv/Downloads/Factorio.v1.1.42/data
   0.003 Write data path: C:/Users/jmacgilliv/Downloads/schoolwork/game saves/Factorio [64070/241126MB]
   0.003 Binaries path: C:/Users/jmacgilliv/Downloads/Factorio.v1.1.42/bin
   0.019 System info: [CPU: Intel(R) Pentium(R) Silver N5000 CPU @ 1.10GHz, 4 cores, RAM: 4552/8013 MB, page: 7880/14157 MB, virtual: 4262/134217727 MB, extended virtual: 0 MB]
   0.024 Display options: [FullScreen: 1] [VSync: 1] [UIScale: automatic (100.0%)] [Native DPI: 1] [Screen: 255] [Special: lmw] [Lang: en]
   0.031 Available displays: 1
   0.031  [0]: \\.\DISPLAY1 - Intel(R) UHD Graphics 605 {0x05, [0,0], 1366x768, 32bit, 60Hz}
   0.114 [Direct3D11] Display: 0, Output: 0, DisplayAdapter: 0, RenderingAdapter: 0; d3dcompiler_47.dll
   0.199 Initialised Direct3D[0]: Intel(R) UHD Graphics 605; id: 8086-3184; driver: igdumdim64.dll 27.20.100.9664
   0.199   D3D Feature Level: 11.1, DXGI 1.5+, SwapChain: 3,flip-discard,-,-,-,none
   0.199   [Local Video Memory] Budget: 3605MB, CurrentUsage: 0MB, Reservation: 0/1903MB
   0.199   [Non-Local Vid.Mem.] Budget: 0MB, CurrentUsage: 0MB, Reservation: 0/0MB
   0.199   Tiled resources: Tier 2
   0.199   Unified Memory Architecture: Yes
   0.199   BGR 565 Supported: Yes
   0.199   MaximumFrameLatency: 3, GPUThreadPriority: 0
   0.200 Graphics settings preset: integrated-gpuhigh
   0.200   Dedicated video memory size 128 MB
   0.306 Desktop composition is active.
   0.307 Graphics options: [Graphics quality: high] [Video memory usage: all] [DXT: high-quality] [Color: 32bit]
   0.307                   [Max threads (load/render): 32/4] [Max texture size: 8192] [Tex.Stream.: 0] [Rotation quality: normal] [Other: sTDCwt] [B:0,C:0,S:100]
   0.428 DSound: Starting _dsound_update thread
   0.428 [Audio] Backend:default; Depth:16, Channel:2, Frequency:44100; MixerQuality:linear
   0.428 DSound: Enter _dsound_update; tid=1616
   0.685 Loading mod core 0.0.0 (data.lua)
   0.909 Loading mod base 1.1.42 (data.lua)
   1.819 Loading mod base 1.1.42 (data-updates.lua)
   2.176 Checksum for core: 2678779337
   2.176 Checksum of base: 1707732430
   2.861 Prototype list checksum: 3034860339
   3.059 Loading sounds...
   3.642 Info PlayerData.cpp:73: Local player-data.json unavailable
   3.642 Info PlayerData.cpp:76: Cloud player-data.json available, timestamp 1634855190
   4.155 Initial atlas bitmap size is 8192
   4.233 Created atlas bitmap 8192x8180 [none]
   4.274 Created atlas bitmap 8192x8180 [none]
   4.306 Created atlas bitmap 8192x8164 [none]
   4.354 Created atlas bitmap 8192x8184 [none]
   4.381 Created atlas bitmap 8192x8184 [none]
   4.423 Created atlas bitmap 8192x8192 [none]
   4.450 Created atlas bitmap 8192x8192 [none]
   4.451 Created atlas bitmap 8192x2556 [none]
   4.452 Created atlas bitmap 8192x4188 [decal]
   4.462 Created atlas bitmap 8192x8128 [low-object]
   4.463 Created atlas bitmap 8192x3040 [low-object]
   4.464 Created atlas bitmap 8192x4448 [mipmap, linear-minification, linear-magnification, linear-mip-level]
   4.469 Created atlas bitmap 8192x8096 [terrain, mipmap, linear-minification, linear-mip-level]
   4.470 Created atlas bitmap 8192x4688 [terrain, mipmap, linear-minification, linear-mip-level]
   4.470 Created atlas bitmap 4096x3216 [terrain-effect-map, mipmap, linear-minification, linear-mip-level]
   4.470 Created atlas bitmap 4096x1840 [smoke, mipmap, linear-minification, linear-magnification]
   4.471 Created atlas bitmap 4096x3104 [mipmap]
   4.471 Created atlas bitmap 8192x2240 [icon, not-compressed, mipmap, linear-minification, linear-magnification, linear-mip-level]
   4.472 Created atlas bitmap 8192x1496 [alpha-mask]
   4.562 Created atlas bitmap 8192x8184 [shadow, linear-magnification, alpha-mask]
   4.563 Created atlas bitmap 8192x936 [shadow, linear-magnification, alpha-mask]
   4.564 Created atlas bitmap 4096x1312 [shadow, mipmap, linear-magnification, alpha-mask]
   4.564 Created atlas bitmap 2048x240 [icon-background, not-compressed, mipmap, linear-minification, linear-magnification, linear-mip-level, ]
   4.572 Texture processor created (2048). GPU accelerated compression Supported: yes, Enabled: yes/yes. Test passed. YCoCgDXT PSNR: 35.83, BC3 PSNR: 33.82
   6.491 Parallel Sprite Loader initialized (threads: 3)
  27.836 Sprites loaded
  27.948 Generated mipmaps (4) for atlas [9] of size 8192x8128   
  27.990 Generated mipmaps (4) for atlas [10] of size 8192x3040   
  28.035 Generated mipmaps (3) for atlas [11] of size 8192x4448   
  28.089 Generated mipmaps (3) for atlas [12] of size 8192x8096   
  28.123 Generated mipmaps (3) for atlas [13] of size 8192x4688   
  28.135 Generated mipmaps (3) for atlas [14] of size 4096x3216   
  28.147 Generated mipmaps (3) for atlas [15] of size 4096x1840   
  28.224 Generated mipmaps (3) for atlas [16] of size 4096x3104   
  28.247 Generated mipmaps (5) for atlas [17] of size 8192x2240   
  28.260 Generated mipmaps (3) for atlas [21] of size 4096x1312   
  28.271 Custom mipmaps uploaded.
  29.031 Factorio initialised
  29.077 Steam Storage Quota: 256/256
  66.364 Info ServerSynchronizer.cpp:31: nextHeartbeatSequenceNumber(0) initialized Synchronizer nextTickClosureTick(0).
  66.364 Info ServerMultiplayerManager.cpp:787: updateTick(4294967295) changing state from(Ready) to(PreparedToHostGame)
  66.364 Info ServerMultiplayerManager.cpp:787: updateTick(4294967295) changing state from(PreparedToHostGame) to(CreatingGame)
  66.367 Loading map C:\Users\jmacgilliv\Downloads\schoolwork\game saves\Factorio\saves\save.zip: 5887099 bytes.
  66.538 Loading level.dat: 14945287 bytes.
  66.546 Info Scenario.cpp:198: Map version 1.1.42-0
  67.128 Loading script.dat: 1182 bytes.
  67.137 Checksum for script C:/Users/jmacgilliv/Downloads/schoolwork/game saves/Factorio/temp/currently-playing/control.lua: 1532059105
  67.145 Info UDPSocket.cpp:27: Opening socket at (IP ADDR:({0.0.0.0:34197}))
  67.147 Hosting game at IP ADDR:({0.0.0.0:34197})
  67.147 Info HttpSharedState.cpp:54: Downloading https://auth.factorio.com/generate-server-padlock-2?api_version=4
  68.312 Info AuthServerConnector.cpp:69: Obtained serverPadlock for serverHash (9hzbkH7qyGSYpgOS9xaGVsVdeon0NKii) from the auth server.
  68.313 Info ServerMultiplayerManager.cpp:787: updateTick(3269040) changing state from(CreatingGame) to(InGame)
  68.313 Info UDPSocket.cpp:39: Opening socket for broadcast
  68.344 Info GameActionHandler.cpp:5000: UpdateTick (3269040) processed PlayerJoinGame peerID(0) playerIndex(0) mode(connect) 
 177.639 Info AppManagerStates.cpp:1938: Saving finished
 178.471 Info ServerMultiplayerManager.cpp:113: Disconnecting multiplayer connection.
 178.471 Info ServerMultiplayerManager.cpp:787: updateTick(3275588) changing state from(InGame) to(DisconnectingScheduled)
 178.473 Info ServerMultiplayerManager.cpp:787: updateTick(3275588) changing state from(DisconnectingScheduled) to(Disconnecting)
 178.489 Info ServerMultiplayerManager.cpp:787: updateTick(3275588) changing state from(Disconnecting) to(Disconnected)
 178.490 Info ServerMultiplayerManager.cpp:140: Quitting multiplayer connection.
 178.491 Info ServerMultiplayerManager.cpp:787: updateTick(3275588) changing state from(Disconnected) to(Closed)
 178.657 Info UDPSocket.cpp:218: Closing socket
 178.657 Info UDPSocket.cpp:248: Socket closed
 178.657 Info UDPSocket.cpp:218: Closing socket
 178.672 Info UDPSocket.cpp:218: Closing socket
 178.672 Info UDPSocket.cpp:248: Socket closed
 206.261 Info ServerSynchronizer.cpp:31: nextHeartbeatSequenceNumber(0) initialized Synchronizer nextTickClosureTick(0).
 206.261 Info ServerMultiplayerManager.cpp:787: updateTick(4294967295) changing state from(Ready) to(PreparedToHostGame)
 206.261 Info ServerMultiplayerManager.cpp:787: updateTick(4294967295) changing state from(PreparedToHostGame) to(CreatingGame)
 206.263 Loading map C:\Users\jmacgilliv\Downloads\schoolwork\game saves\Factorio\saves\save.zip: 6226576 bytes.
 206.406 Loading level.dat: 15027167 bytes.
 206.412 Info Scenario.cpp:198: Map version 1.1.42-0
 206.998 Loading script.dat: 1182 bytes.
 207.007 Checksum for script C:/Users/jmacgilliv/Downloads/schoolwork/game saves/Factorio/temp/currently-playing/control.lua: 1532059105
 207.012 Info UDPSocket.cpp:27: Opening socket at (IP ADDR:({0.0.0.0:34197}))
 207.014 Hosting game at IP ADDR:({0.0.0.0:34197})
 207.014 Info ServerMultiplayerManager.cpp:787: updateTick(3275537) changing state from(CreatingGame) to(InGame)
 207.014 Info UDPSocket.cpp:39: Opening socket for broadcast
 207.043 Info GameActionHandler.cpp:5000: UpdateTick (3275537) processed PlayerJoinGame peerID(0) playerIndex(0) mode(connect) 
 214.740 Info AppManager.cpp:306: Saving to _autosave2 (blocking).
 215.485 Info AppManagerStates.cpp:1938: Saving finished
 266.422 ConnectionRequestReplyConfirm (type(ConnectionRequestReplyConfirm) ) from(IP ADDR:({10.192.202.151:58259}))
 266.423 Info ServerRouter.cpp:467: Replying to connectionRequest for address(IP ADDR:({10.192.202.151:58259})).
 266.423 Info ServerSynchronizer.cpp:600: nextHeartbeatSequenceNumber(1774) adding peer(1)
 266.451 Info ServerMultiplayerManager.cpp:787: updateTick(3279050) changing state from(InGame) to(InGameSavingMap)
 266.467 Info ServerMultiplayerManager.cpp:938: updateTick(3279050) received stateChanged peerID(1) oldState(Ready) newState(ConnectedWaitingForMap)
 267.133 Info ServerMultiplayerManager.cpp:1006: UpdateTick(3279050) Serving map(C:\Users\jmacgilliv\Downloads\schoolwork\game saves\Factorio\temp\mp-save-0.zip) for peer(1) size(5704278) crc(2258232921)
 267.133 Info ServerMultiplayerManager.cpp:787: updateTick(3279050) changing state from(InGameSavingMap) to(InGame)
 267.204 Info ServerMultiplayerManager.cpp:938: updateTick(3279056) received stateChanged peerID(1) oldState(ConnectedWaitingForMap) newState(ConnectedDownloadingMap)
 272.808 Info ServerMultiplayerManager.cpp:938: updateTick(3279387) received stateChanged peerID(1) oldState(ConnectedDownloadingMap) newState(ConnectedLoadingMap)
 274.858 Info ServerMultiplayerManager.cpp:938: updateTick(3279510) received stateChanged peerID(1) oldState(ConnectedLoadingMap) newState(TryingToCatchUp)
 275.624 Info ServerMultiplayerManager.cpp:938: updateTick(3279556) received stateChanged peerID(1) oldState(TryingToCatchUp) newState(WaitingForCommandToStartSendingTickClosures)
 275.625 Info GameActionHandler.cpp:5000: UpdateTick (3279556) processed PlayerJoinGame peerID(1) playerIndex(1) mode(create) 
 275.691 Info ServerMultiplayerManager.cpp:938: updateTick(3279560) received stateChanged peerID(1) oldState(WaitingForCommandToStartSendingTickClosures) newState(InGame)
 372.339 Info ServerMultiplayerManager.cpp:1052: Disconnect notification for peer (1)
 372.340 Info ServerSynchronizer.cpp:619: nextHeartbeatSequenceNumber(4946) removing peer(1).
 482.621 ConnectionRequestReplyConfirm (type(ConnectionRequestReplyConfirm) ) from(IP ADDR:({10.192.202.151:52145}))
 482.621 Info ServerRouter.cpp:467: Replying to connectionRequest for address(IP ADDR:({10.192.202.151:52145})).
 482.622 Info ServerSynchronizer.cpp:600: nextHeartbeatSequenceNumber(8252) adding peer(2)
 482.649 Info ServerMultiplayerManager.cpp:787: updateTick(3291975) changing state from(InGame) to(InGameSavingMap)
 483.638 Info ServerMultiplayerManager.cpp:938: updateTick(3291975) received stateChanged peerID(2) oldState(Ready) newState(ConnectedWaitingForMap)
 484.715 Info ServerMultiplayerManager.cpp:1006: UpdateTick(3291975) Serving map(C:\Users\jmacgilliv\Downloads\schoolwork\game saves\Factorio\temp\mp-save-1.zip) for peer(2) size(5709555) crc(1398756923)
 484.715 Info ServerMultiplayerManager.cpp:787: updateTick(3291975) changing state from(InGameSavingMap) to(InGame)
 486.688 Info ServerMultiplayerManager.cpp:938: updateTick(3292094) received stateChanged peerID(2) oldState(ConnectedWaitingForMap) newState(ConnectedDownloadingMap)
 494.739 Info ServerMultiplayerManager.cpp:938: updateTick(3292577) received stateChanged peerID(2) oldState(ConnectedDownloadingMap) newState(ConnectedLoadingMap)
 494.755 Info ServerMultiplayerManager.cpp:938: updateTick(3292578) received stateChanged peerID(2) oldState(ConnectedLoadingMap) newState(TryingToCatchUp)
 495.806 Info ServerMultiplayerManager.cpp:938: updateTick(3292641) received stateChanged peerID(2) oldState(TryingToCatchUp) newState(WaitingForCommandToStartSendingTickClosures)
 495.806 Info GameActionHandler.cpp:5000: UpdateTick (3292641) processed PlayerJoinGame peerID(2) playerIndex(1) mode(connect) 
 496.839 Info ServerMultiplayerManager.cpp:938: updateTick(3292703) received stateChanged peerID(2) oldState(WaitingForCommandToStartSendingTickClosures) newState(InGame)
 518.458 Info AppManager.cpp:306: Saving to _autosave3 (blocking).
 519.219 Info AppManagerStates.cpp:1938: Saving finished
 554.789 Info ServerMultiplayerManager.cpp:1052: Disconnect notification for peer (2)
 554.789 Info ServerMultiplayerManager.cpp:938: updateTick(3296135) received stateChanged peerID(2) oldState(InGame) newState(DisconnectScheduled)
 554.805 Info ServerSynchronizer.cpp:619: nextHeartbeatSequenceNumber(10413) removing peer(2).
 660.654 Info AppManagerStates.cpp:1938: Saving finished
 661.808 Info ServerMultiplayerManager.cpp:113: Disconnecting multiplayer connection.
 661.809 Info ServerMultiplayerManager.cpp:787: updateTick(3302510) changing state from(InGame) to(DisconnectingScheduled)
 661.821 Info ServerMultiplayerManager.cpp:787: updateTick(3302510) changing state from(DisconnectingScheduled) to(Disconnecting)
 661.839 Info ServerMultiplayerManager.cpp:787: updateTick(3302510) changing state from(Disconnecting) to(Disconnected)
 661.840 Info ServerMultiplayerManager.cpp:140: Quitting multiplayer connection.
 661.840 Info ServerMultiplayerManager.cpp:787: updateTick(3302510) changing state from(Disconnected) to(Closed)
 661.995 Info UDPSocket.cpp:218: Closing socket
 661.996 Info UDPSocket.cpp:248: Socket closed
 661.996 Info UDPSocket.cpp:218: Closing socket
 662.009 Info UDPSocket.cpp:218: Closing socket
 662.010 Info UDPSocket.cpp:248: Socket closed
 662.498 Quitting: window closed.
 662.668 DSound: Stopping voice
 662.668 DSound: Joining thread
 662.671 DSound: Exit _dsound_update; tid=1616
 662.671 DSound: Waiting for voice to stop ... signaled
 662.672 DSound: Joined thread
 662.672 DSound: Destroying thread
 662.672 DSound: Thread destroyed
 662.672 DSound: Releasing buffer
 662.672 DSound: Voice stopped
 662.672 DSound: Deallocating voice
 662.672 DSound: Deallocated voice
 663.081 Steam API shutdown.
 663.086 Goodbye
